c:\users\ksh\desktop\server\grit\gritloginserver\debug\gritloginserver.pch
c:\users\ksh\desktop\server\grit\gritloginserver\debug\vc140.pdb
c:\users\ksh\desktop\server\grit\gritloginserver\debug\vc140.idb
c:\users\ksh\desktop\server\grit\gritloginserver\debug\stdafx.obj
c:\users\ksh\desktop\server\grit\gritloginserver\debug\gritloginserver.obj
c:\users\ksh\desktop\server\grit\gritloginserver\debug\iocp.obj
c:\users\ksh\desktop\server\grit\gritloginserver\debug\serverbind.obj
c:\users\ksh\desktop\server\grit\gritloginserver\debug\servermanager.obj
c:\users\ksh\desktop\server\grit\debug\gritloginserver.ilk
c:\users\ksh\desktop\server\grit\debug\gritloginserver.exe
c:\users\ksh\desktop\server\grit\debug\gritloginserver.pdb
c:\users\ksh\desktop\server\grit\gritloginserver\debug\gritloginserver.res
c:\users\ksh\desktop\server\grit\gritloginserver\debug\gritloginserver.tlog\cl.command.1.tlog
c:\users\ksh\desktop\server\grit\gritloginserver\debug\gritloginserver.tlog\cl.read.1.tlog
c:\users\ksh\desktop\server\grit\gritloginserver\debug\gritloginserver.tlog\cl.write.1.tlog
c:\users\ksh\desktop\server\grit\gritloginserver\debug\gritloginserver.tlog\link.command.1.tlog
c:\users\ksh\desktop\server\grit\gritloginserver\debug\gritloginserver.tlog\link.read.1.tlog
c:\users\ksh\desktop\server\grit\gritloginserver\debug\gritloginserver.tlog\link.write.1.tlog
c:\users\ksh\desktop\server\grit\gritloginserver\debug\gritloginserver.tlog\rc.command.1.tlog
c:\users\ksh\desktop\server\grit\gritloginserver\debug\gritloginserver.tlog\rc.read.1.tlog
c:\users\ksh\desktop\server\grit\gritloginserver\debug\gritloginserver.tlog\rc.write.1.tlog
